Build started 2015-03-15 18:42:59.
     1>Project "c:\Users\Karol\documents\visual studio 2013\Projects\biblioteka\biblioteka\biblioteka.vcxproj" on node 2 (Build target(s)).
     1>ClCompile:
         C:\Program Files (x86)\Microsoft Visual Studio 12.0\VC\bin\CL.exe /c /ZI /nologo /W3 /WX- /sdl /Od /Oy- /D WIN32 /D _DEBUG /D _WINDOWS /D _USRDLL /D BIBLIOTEKA_EXPORTS /D _WINDLL /D _UNICODE /D UNICODE /Gm /EHsc /RTC1 /MDd /GS /fp:precise /Zc:wchar_t /Zc:forScope /Fo"Debug\\" /Fd"Debug\vc120.pdb" /Gd /TP /analyze- /errorReport:prompt dllmain.cpp
         dllmain.cpp
     1>c:\users\karol\documents\visual studio 2013\projects\biblioteka\biblioteka\dllmain.cpp(14): error C2371: 'lista' : redefinition; different basic types
                 c:\users\karol\documents\visual studio 2013\projects\biblioteka\biblioteka\dllmain.cpp(12) : see declaration of 'lista'
     1>c:\users\karol\documents\visual studio 2013\projects\biblioteka\biblioteka\dllmain.cpp(24): error C2371: 'pierscien' : redefinition; different basic types
                 c:\users\karol\documents\visual studio 2013\projects\biblioteka\biblioteka\dllmain.cpp(21) : see declaration of 'pierscien'
     1>c:\users\karol\documents\visual studio 2013\projects\biblioteka\biblioteka\dllmain.cpp(29): error C2027: use of undefined type 'lista'
                 c:\users\karol\documents\visual studio 2013\projects\biblioteka\biblioteka\dllmain.cpp(12) : see declaration of 'lista'
     1>c:\users\karol\documents\visual studio 2013\projects\biblioteka\biblioteka\dllmain.cpp(29): error C2440: 'initializing' : cannot convert from 'void *' to 'lista *'
                 Conversion from 'void*' to pointer to non-'void' requires an explicit cast
     1>c:\users\karol\documents\visual studio 2013\projects\biblioteka\biblioteka\dllmain.cpp(30): error C2027: use of undefined type 'pierscien'
                 c:\users\karol\documents\visual studio 2013\projects\biblioteka\biblioteka\dllmain.cpp(21) : see declaration of 'pierscien'
     1>c:\users\karol\documents\visual studio 2013\projects\biblioteka\biblioteka\dllmain.cpp(30): error C2227: left of '->next' must point to class/struct/union/generic type
     1>c:\users\karol\documents\visual studio 2013\projects\biblioteka\biblioteka\dllmain.cpp(32): error C2027: use of undefined type 'pierscien'
                 c:\users\karol\documents\visual studio 2013\projects\biblioteka\biblioteka\dllmain.cpp(21) : see declaration of 'pierscien'
     1>c:\users\karol\documents\visual studio 2013\projects\biblioteka\biblioteka\dllmain.cpp(32): error C2227: left of '->wsk' must point to class/struct/union/generic type
     1>c:\users\karol\documents\visual studio 2013\projects\biblioteka\biblioteka\dllmain.cpp(32): fatal error C1903: unable to recover from previous error(s); stopping compilation
     1>Done Building Project "c:\Users\Karol\documents\visual studio 2013\Projects\biblioteka\biblioteka\biblioteka.vcxproj" (Build target(s)) -- FAILED.

Build FAILED.

Time Elapsed 00:00:00.43
